The input of a is a Wire lx
The input of lx is a GATE Gate { input_1: Wire("lw"), input_2: Some(Wire("lv")), operation: Or }
The input of lw is a GATE Gate { input_1: Wire("lc"), input_2: None, operation: LShift(1) }
The input of lc is a GATE Gate { input_1: Wire("lb"), input_2: Some(Wire("la")), operation: Or }
The input of lb is a GATE Gate { input_1: Wire("kh"), input_2: None, operation: LShift(1) }
The input of kh is a GATE Gate { input_1: Wire("kg"), input_2: Some(Wire("kf")), operation: Or }
The input of kg is a GATE Gate { input_1: Wire("jm"), input_2: None, operation: LShift(1) }
The input of jm is a GATE Gate { input_1: Wire("jl"), input_2: Some(Wire("jk")), operation: Or }
The input of jl is a GATE Gate { input_1: Wire("ir"), input_2: None, operation: LShift(1) }
The input of ir is a GATE Gate { input_1: Wire("iq"), input_2: Some(Wire("ip")), operation: Or }
The input of iq is a GATE Gate { input_1: Wire("hw"), input_2: None, operation: LShift(1) }
The input of hw is a GATE Gate { input_1: Wire("hv"), input_2: Some(Wire("hu")), operation: Or }
The input of hv is a GATE Gate { input_1: Wire("hb"), input_2: None, operation: LShift(1) }
The input of hb is a GATE Gate { input_1: Wire("ha"), input_2: Some(Wire("gz")), operation: Or }
The input of ha is a GATE Gate { input_1: Wire("gg"), input_2: None, operation: LShift(1) }
The input of gg is a GATE Gate { input_1: Wire("gf"), input_2: Some(Wire("ge")), operation: Or }
The input of gf is a GATE Gate { input_1: Wire("fl"), input_2: None, operation: LShift(1) }
The input of fl is a GATE Gate { input_1: Wire("fk"), input_2: Some(Wire("fj")), operation: Or }
The input of fk is a GATE Gate { input_1: Wire("eq"), input_2: None, operation: LShift(1) }
The input of eq is a GATE Gate { input_1: Wire("ep"), input_2: Some(Wire("eo")), operation: Or }
The input of ep is a GATE Gate { input_1: Wire("dv"), input_2: None, operation: LShift(1) }
The input of dv is a GATE Gate { input_1: Wire("du"), input_2: Some(Wire("dt")), operation: Or }
The input of du is a GATE Gate { input_1: Wire("da"), input_2: None, operation: LShift(1) }
The input of da is a GATE Gate { input_1: Wire("cz"), input_2: Some(Wire("cy")), operation: Or }
The input of cz is a GATE Gate { input_1: Wire("cf"), input_2: None, operation: LShift(1) }
The input of cf is a GATE Gate { input_1: Wire("ce"), input_2: Some(Wire("cd")), operation: Or }
The input of ce is a GATE Gate { input_1: Wire("bk"), input_2: None, operation: LShift(1) }
The input of bk is a GATE Gate { input_1: Wire("bj"), input_2: Some(Wire("bi")), operation: Or }
The input of bj is a GATE Gate { input_1: Wire("ap"), input_2: None, operation: LShift(1) }
The input of ap is a GATE Gate { input_1: Wire("ao"), input_2: Some(Wire("an")), operation: Or }
The input of ao is a GATE Gate { input_1: Wire("u"), input_2: None, operation: LShift(1) }
The input of u is a GATE Gate { input_1: Wire("t"), input_2: Some(Wire("s")), operation: Or }
The input of t is a GATE Gate { input_1: Wire("c"), input_2: None, operation: LShift(1) }
The input of c is a Signal 0
The input of s is a GATE Gate { input_1: Value(1), input_2: Some(Wire("r")), operation: And }
The input of r is a GATE Gate { input_1: Wire("o"), input_2: Some(Wire("q")), operation: And }
The input of o is a GATE Gate { input_1: Wire("b"), input_2: Some(Wire("n")), operation: Or }
The input of b is a Signal 1674
The input of n is a GATE Gate { input_1: Wire("k"), input_2: Some(Wire("m")), operation: And }
The input of k is a GATE Gate { input_1: Wire("d"), input_2: Some(Wire("j")), operation: Or }
The input of d is a GATE Gate { input_1: Wire("b"), input_2: None, operation: Rshift(2) }
The input of j is a GATE Gate { input_1: Wire("g"), input_2: Some(Wire("i")), operation: And }
The input of g is a GATE Gate { input_1: Wire("e"), input_2: Some(Wire("f")), operation: Or }
The input of e is a GATE Gate { input_1: Wire("b"), input_2: None, operation: Rshift(3) }
The input of f is a GATE Gate { input_1: Wire("b"), input_2: None, operation: Rshift(5) }
The input of i is a GATE Gate { input_1: Wire("h"), input_2: None, operation: Not }
The input of h is a GATE Gate { input_1: Wire("e"), input_2: Some(Wire("f")), operation: And }
The input of m is a GATE Gate { input_1: Wire("l"), input_2: None, operation: Not }
The input of l is a GATE Gate { input_1: Wire("d"), input_2: Some(Wire("j")), operation: And }
The input of q is a GATE Gate { input_1: Wire("p"), input_2: None, operation: Not }
The input of p is a GATE Gate { input_1: Wire("b"), input_2: Some(Wire("n")), operation: And }
The input of an is a GATE Gate { input_1: Value(1), input_2: Some(Wire("am")), operation: And }
The input of am is a GATE Gate { input_1: Wire("aj"), input_2: Some(Wire("al")), operation: And }
The input of aj is a GATE Gate { input_1: Wire("x"), input_2: Some(Wire("ai")), operation: Or }
The input of x is a GATE Gate { input_1: Wire("v"), input_2: Some(Wire("w")), operation: Or }
The input of v is a GATE Gate { input_1: Wire("b"), input_2: None, operation: Rshift(1) }
The input of w is a GATE Gate { input_1: Wire("s"), input_2: None, operation: LShift(15) }
The input of ai is a GATE Gate { input_1: Wire("af"), input_2: Some(Wire("ah")), operation: And }
The input of af is a GATE Gate { input_1: Wire("y"), input_2: Some(Wire("ae")), operation: Or }
The input of y is a GATE Gate { input_1: Wire("x"), input_2: None, operation: Rshift(2) }
The input of ae is a GATE Gate { input_1: Wire("ab"), input_2: Some(Wire("ad")), operation: And }
The input of ab is a GATE Gate { input_1: Wire("z"), input_2: Some(Wire("aa")), operation: Or }
The input of z is a GATE Gate { input_1: Wire("x"), input_2: None, operation: Rshift(3) }
The input of aa is a GATE Gate { input_1: Wire("x"), input_2: None, operation: Rshift(5) }
The input of ad is a GATE Gate { input_1: Wire("ac"), input_2: None, operation: Not }
The input of ac is a GATE Gate { input_1: Wire("z"), input_2: Some(Wire("aa")), operation: And }
The input of ah is a GATE Gate { input_1: Wire("ag"), input_2: None, operation: Not }
The input of ag is a GATE Gate { input_1: Wire("y"), input_2: Some(Wire("ae")), operation: And }
The input of al is a GATE Gate { input_1: Wire("ak"), input_2: None, operation: Not }
The input of ak is a GATE Gate { input_1: Wire("x"), input_2: Some(Wire("ai")), operation: And }
The input of bi is a GATE Gate { input_1: Value(1), input_2: Some(Wire("bh")), operation: And }
The input of bh is a GATE Gate { input_1: Wire("be"), input_2: Some(Wire("bg")), operation: And }
The input of be is a GATE Gate { input_1: Wire("as"), input_2: Some(Wire("bd")), operation: Or }
The input of as is a GATE Gate { input_1: Wire("aq"), input_2: Some(Wire("ar")), operation: Or }
The input of aq is a GATE Gate { input_1: Wire("x"), input_2: None, operation: Rshift(1) }
The input of ar is a GATE Gate { input_1: Wire("an"), input_2: None, operation: LShift(15) }
The input of bd is a GATE Gate { input_1: Wire("ba"), input_2: Some(Wire("bc")), operation: And }
The input of ba is a GATE Gate { input_1: Wire("at"), input_2: Some(Wire("az")), operation: Or }
The input of at is a GATE Gate { input_1: Wire("as"), input_2: None, operation: Rshift(2) }
The input of az is a GATE Gate { input_1: Wire("aw"), input_2: Some(Wire("ay")), operation: And }
The input of aw is a GATE Gate { input_1: Wire("au"), input_2: Some(Wire("av")), operation: Or }
The input of au is a GATE Gate { input_1: Wire("as"), input_2: None, operation: Rshift(3) }
The input of av is a GATE Gate { input_1: Wire("as"), input_2: None, operation: Rshift(5) }
The input of ay is a GATE Gate { input_1: Wire("ax"), input_2: None, operation: Not }
The input of ax is a GATE Gate { input_1: Wire("au"), input_2: Some(Wire("av")), operation: And }
The input of bc is a GATE Gate { input_1: Wire("bb"), input_2: None, operation: Not }
The input of bb is a GATE Gate { input_1: Wire("at"), input_2: Some(Wire("az")), operation: And }
The input of bg is a GATE Gate { input_1: Wire("bf"), input_2: None, operation: Not }
The input of bf is a GATE Gate { input_1: Wire("as"), input_2: Some(Wire("bd")), operation: And }
The input of cd is a GATE Gate { input_1: Value(1), input_2: Some(Wire("cc")), operation: And }
The input of cc is a GATE Gate { input_1: Wire("bz"), input_2: Some(Wire("cb")), operation: And }
The input of bz is a GATE Gate { input_1: Wire("bn"), input_2: Some(Wire("by")), operation: Or }
The input of bn is a GATE Gate { input_1: Wire("bl"), input_2: Some(Wire("bm")), operation: Or }
The input of bl is a GATE Gate { input_1: Wire("as"), input_2: None, operation: Rshift(1) }
The input of bm is a GATE Gate { input_1: Wire("bi"), input_2: None, operation: LShift(15) }
The input of by is a GATE Gate { input_1: Wire("bv"), input_2: Some(Wire("bx")), operation: And }
The input of bv is a GATE Gate { input_1: Wire("bo"), input_2: Some(Wire("bu")), operation: Or }
The input of bo is a GATE Gate { input_1: Wire("bn"), input_2: None, operation: Rshift(2) }
The input of bu is a GATE Gate { input_1: Wire("br"), input_2: Some(Wire("bt")), operation: And }
The input of br is a GATE Gate { input_1: Wire("bp"), input_2: Some(Wire("bq")), operation: Or }
The input of bp is a GATE Gate { input_1: Wire("bn"), input_2: None, operation: Rshift(3) }
The input of bq is a GATE Gate { input_1: Wire("bn"), input_2: None, operation: Rshift(5) }
The input of bt is a GATE Gate { input_1: Wire("bs"), input_2: None, operation: Not }
The input of bs is a GATE Gate { input_1: Wire("bp"), input_2: Some(Wire("bq")), operation: And }
The input of bx is a GATE Gate { input_1: Wire("bw"), input_2: None, operation: Not }
The input of bw is a GATE Gate { input_1: Wire("bo"), input_2: Some(Wire("bu")), operation: And }
The input of cb is a GATE Gate { input_1: Wire("ca"), input_2: None, operation: Not }
The input of ca is a GATE Gate { input_1: Wire("bn"), input_2: Some(Wire("by")), operation: And }
The input of cy is a GATE Gate { input_1: Value(1), input_2: Some(Wire("cx")), operation: And }
The input of cx is a GATE Gate { input_1: Wire("cu"), input_2: Some(Wire("cw")), operation: And }
The input of cu is a GATE Gate { input_1: Wire("ci"), input_2: Some(Wire("ct")), operation: Or }
The input of ci is a GATE Gate { input_1: Wire("cg"), input_2: Some(Wire("ch")), operation: Or }
The input of cg is a GATE Gate { input_1: Wire("bn"), input_2: None, operation: Rshift(1) }
The input of ch is a GATE Gate { input_1: Wire("cd"), input_2: None, operation: LShift(15) }
The input of ct is a GATE Gate { input_1: Wire("cq"), input_2: Some(Wire("cs")), operation: And }
The input of cq is a GATE Gate { input_1: Wire("cj"), input_2: Some(Wire("cp")), operation: Or }
The input of cj is a GATE Gate { input_1: Wire("ci"), input_2: None, operation: Rshift(2) }
The input of cp is a GATE Gate { input_1: Wire("cm"), input_2: Some(Wire("co")), operation: And }
The input of cm is a GATE Gate { input_1: Wire("ck"), input_2: Some(Wire("cl")), operation: Or }
The input of ck is a GATE Gate { input_1: Wire("ci"), input_2: None, operation: Rshift(3) }
The input of cl is a GATE Gate { input_1: Wire("ci"), input_2: None, operation: Rshift(5) }
The input of co is a GATE Gate { input_1: Wire("cn"), input_2: None, operation: Not }
The input of cn is a GATE Gate { input_1: Wire("ck"), input_2: Some(Wire("cl")), operation: And }
The input of cs is a GATE Gate { input_1: Wire("cr"), input_2: None, operation: Not }
The input of cr is a GATE Gate { input_1: Wire("cj"), input_2: Some(Wire("cp")), operation: And }
The input of cw is a GATE Gate { input_1: Wire("cv"), input_2: None, operation: Not }
The input of cv is a GATE Gate { input_1: Wire("ci"), input_2: Some(Wire("ct")), operation: And }
The input of dt is a GATE Gate { input_1: Value(1), input_2: Some(Wire("ds")), operation: And }
The input of ds is a GATE Gate { input_1: Wire("dp"), input_2: Some(Wire("dr")), operation: And }
The input of dp is a GATE Gate { input_1: Wire("dd"), input_2: Some(Wire("do")), operation: Or }
The input of dd is a GATE Gate { input_1: Wire("db"), input_2: Some(Wire("dc")), operation: Or }
The input of db is a GATE Gate { input_1: Wire("ci"), input_2: None, operation: Rshift(1) }
The input of dc is a GATE Gate { input_1: Wire("cy"), input_2: None, operation: LShift(15) }
The input of do is a GATE Gate { input_1: Wire("dl"), input_2: Some(Wire("dn")), operation: And }
The input of dl is a GATE Gate { input_1: Wire("de"), input_2: Some(Wire("dk")), operation: Or }
The input of de is a GATE Gate { input_1: Wire("dd"), input_2: None, operation: Rshift(2) }
The input of dk is a GATE Gate { input_1: Wire("dh"), input_2: Some(Wire("dj")), operation: And }
The input of dh is a GATE Gate { input_1: Wire("df"), input_2: Some(Wire("dg")), operation: Or }
The input of df is a GATE Gate { input_1: Wire("dd"), input_2: None, operation: Rshift(3) }
The input of dg is a GATE Gate { input_1: Wire("dd"), input_2: None, operation: Rshift(5) }
The input of dj is a GATE Gate { input_1: Wire("di"), input_2: None, operation: Not }
The input of di is a GATE Gate { input_1: Wire("df"), input_2: Some(Wire("dg")), operation: And }
The input of dn is a GATE Gate { input_1: Wire("dm"), input_2: None, operation: Not }
The input of dm is a GATE Gate { input_1: Wire("de"), input_2: Some(Wire("dk")), operation: And }
The input of dr is a GATE Gate { input_1: Wire("dq"), input_2: None, operation: Not }
The input of dq is a GATE Gate { input_1: Wire("dd"), input_2: Some(Wire("do")), operation: And }
The input of eo is a GATE Gate { input_1: Value(1), input_2: Some(Wire("en")), operation: And }
The input of en is a GATE Gate { input_1: Wire("ek"), input_2: Some(Wire("em")), operation: And }
The input of ek is a GATE Gate { input_1: Wire("dy"), input_2: Some(Wire("ej")), operation: Or }
The input of dy is a GATE Gate { input_1: Wire("dw"), input_2: Some(Wire("dx")), operation: Or }
The input of dw is a GATE Gate { input_1: Wire("dd"), input_2: None, operation: Rshift(1) }
The input of dx is a GATE Gate { input_1: Wire("dt"), input_2: None, operation: LShift(15) }
The input of ej is a GATE Gate { input_1: Wire("eg"), input_2: Some(Wire("ei")), operation: And }
The input of eg is a GATE Gate { input_1: Wire("dz"), input_2: Some(Wire("ef")), operation: Or }
The input of dz is a GATE Gate { input_1: Wire("dy"), input_2: None, operation: Rshift(2) }
The input of ef is a GATE Gate { input_1: Wire("ec"), input_2: Some(Wire("ee")), operation: And }
The input of ec is a GATE Gate { input_1: Wire("ea"), input_2: Some(Wire("eb")), operation: Or }
The input of ea is a GATE Gate { input_1: Wire("dy"), input_2: None, operation: Rshift(3) }
The input of eb is a GATE Gate { input_1: Wire("dy"), input_2: None, operation: Rshift(5) }
The input of ee is a GATE Gate { input_1: Wire("ed"), input_2: None, operation: Not }
The input of ed is a GATE Gate { input_1: Wire("ea"), input_2: Some(Wire("eb")), operation: And }
The input of ei is a GATE Gate { input_1: Wire("eh"), input_2: None, operation: Not }
The input of eh is a GATE Gate { input_1: Wire("dz"), input_2: Some(Wire("ef")), operation: And }
The input of em is a GATE Gate { input_1: Wire("el"), input_2: None, operation: Not }
The input of el is a GATE Gate { input_1: Wire("dy"), input_2: Some(Wire("ej")), operation: And }
The input of fj is a GATE Gate { input_1: Value(1), input_2: Some(Wire("fi")), operation: And }
The input of fi is a GATE Gate { input_1: Wire("ff"), input_2: Some(Wire("fh")), operation: And }
The input of ff is a GATE Gate { input_1: Wire("et"), input_2: Some(Wire("fe")), operation: Or }
The input of et is a GATE Gate { input_1: Wire("er"), input_2: Some(Wire("es")), operation: Or }
The input of er is a GATE Gate { input_1: Wire("dy"), input_2: None, operation: Rshift(1) }
The input of es is a GATE Gate { input_1: Wire("eo"), input_2: None, operation: LShift(15) }
The input of fe is a GATE Gate { input_1: Wire("fb"), input_2: Some(Wire("fd")), operation: And }
The input of fb is a GATE Gate { input_1: Wire("eu"), input_2: Some(Wire("fa")), operation: Or }
The input of eu is a GATE Gate { input_1: Wire("et"), input_2: None, operation: Rshift(2) }
The input of fa is a GATE Gate { input_1: Wire("ex"), input_2: Some(Wire("ez")), operation: And }
The input of ex is a GATE Gate { input_1: Wire("ev"), input_2: Some(Wire("ew")), operation: Or }
The input of ev is a GATE Gate { input_1: Wire("et"), input_2: None, operation: Rshift(3) }
The input of ew is a GATE Gate { input_1: Wire("et"), input_2: None, operation: Rshift(5) }
The input of ez is a GATE Gate { input_1: Wire("ey"), input_2: None, operation: Not }
The input of ey is a GATE Gate { input_1: Wire("ev"), input_2: Some(Wire("ew")), operation: And }
The input of fd is a GATE Gate { input_1: Wire("fc"), input_2: None, operation: Not }
The input of fc is a GATE Gate { input_1: Wire("eu"), input_2: Some(Wire("fa")), operation: And }
The input of fh is a GATE Gate { input_1: Wire("fg"), input_2: None, operation: Not }
The input of fg is a GATE Gate { input_1: Wire("et"), input_2: Some(Wire("fe")), operation: And }
The input of ge is a GATE Gate { input_1: Value(1), input_2: Some(Wire("gd")), operation: And }
The input of gd is a GATE Gate { input_1: Wire("ga"), input_2: Some(Wire("gc")), operation: And }
The input of ga is a GATE Gate { input_1: Wire("fo"), input_2: Some(Wire("fz")), operation: Or }
The input of fo is a GATE Gate { input_1: Wire("fm"), input_2: Some(Wire("fn")), operation: Or }
The input of fm is a GATE Gate { input_1: Wire("et"), input_2: None, operation: Rshift(1) }
The input of fn is a GATE Gate { input_1: Wire("fj"), input_2: None, operation: LShift(15) }
The input of fz is a GATE Gate { input_1: Wire("fw"), input_2: Some(Wire("fy")), operation: And }
The input of fw is a GATE Gate { input_1: Wire("fp"), input_2: Some(Wire("fv")), operation: Or }
The input of fp is a GATE Gate { input_1: Wire("fo"), input_2: None, operation: Rshift(2) }
The input of fv is a GATE Gate { input_1: Wire("fs"), input_2: Some(Wire("fu")), operation: And }
The input of fs is a GATE Gate { input_1: Wire("fq"), input_2: Some(Wire("fr")), operation: Or }
The input of fq is a GATE Gate { input_1: Wire("fo"), input_2: None, operation: Rshift(3) }
The input of fr is a GATE Gate { input_1: Wire("fo"), input_2: None, operation: Rshift(5) }
The input of fu is a GATE Gate { input_1: Wire("ft"), input_2: None, operation: Not }
The input of ft is a GATE Gate { input_1: Wire("fq"), input_2: Some(Wire("fr")), operation: And }
The input of fy is a GATE Gate { input_1: Wire("fx"), input_2: None, operation: Not }
The input of fx is a GATE Gate { input_1: Wire("fp"), input_2: Some(Wire("fv")), operation: And }
The input of gc is a GATE Gate { input_1: Wire("gb"), input_2: None, operation: Not }
The input of gb is a GATE Gate { input_1: Wire("fo"), input_2: Some(Wire("fz")), operation: And }
The input of gz is a GATE Gate { input_1: Value(1), input_2: Some(Wire("gy")), operation: And }
The input of gy is a GATE Gate { input_1: Wire("gv"), input_2: Some(Wire("gx")), operation: And }
The input of gv is a GATE Gate { input_1: Wire("gj"), input_2: Some(Wire("gu")), operation: Or }
The input of gj is a GATE Gate { input_1: Wire("gh"), input_2: Some(Wire("gi")), operation: Or }
The input of gh is a GATE Gate { input_1: Wire("fo"), input_2: None, operation: Rshift(1) }
The input of gi is a GATE Gate { input_1: Wire("ge"), input_2: None, operation: LShift(15) }
The input of gu is a GATE Gate { input_1: Wire("gr"), input_2: Some(Wire("gt")), operation: And }
The input of gr is a GATE Gate { input_1: Wire("gk"), input_2: Some(Wire("gq")), operation: Or }
The input of gk is a GATE Gate { input_1: Wire("gj"), input_2: None, operation: Rshift(2) }
The input of gq is a GATE Gate { input_1: Wire("gn"), input_2: Some(Wire("gp")), operation: And }
The input of gn is a GATE Gate { input_1: Wire("gl"), input_2: Some(Wire("gm")), operation: Or }
The input of gl is a GATE Gate { input_1: Wire("gj"), input_2: None, operation: Rshift(3) }
The input of gm is a GATE Gate { input_1: Wire("gj"), input_2: None, operation: Rshift(5) }
The input of gp is a GATE Gate { input_1: Wire("go"), input_2: None, operation: Not }
The input of go is a GATE Gate { input_1: Wire("gl"), input_2: Some(Wire("gm")), operation: And }
The input of gt is a GATE Gate { input_1: Wire("gs"), input_2: None, operation: Not }
The input of gs is a GATE Gate { input_1: Wire("gk"), input_2: Some(Wire("gq")), operation: And }
The input of gx is a GATE Gate { input_1: Wire("gw"), input_2: None, operation: Not }
The input of gw is a GATE Gate { input_1: Wire("gj"), input_2: Some(Wire("gu")), operation: And }
The input of hu is a GATE Gate { input_1: Value(1), input_2: Some(Wire("ht")), operation: And }
The input of ht is a GATE Gate { input_1: Wire("hq"), input_2: Some(Wire("hs")), operation: And }
The input of hq is a GATE Gate { input_1: Wire("he"), input_2: Some(Wire("hp")), operation: Or }
The input of he is a GATE Gate { input_1: Wire("hc"), input_2: Some(Wire("hd")), operation: Or }
The input of hc is a GATE Gate { input_1: Wire("gj"), input_2: None, operation: Rshift(1) }
The input of hd is a GATE Gate { input_1: Wire("gz"), input_2: None, operation: LShift(15) }
The input of hp is a GATE Gate { input_1: Wire("hm"), input_2: Some(Wire("ho")), operation: And }
The input of hm is a GATE Gate { input_1: Wire("hf"), input_2: Some(Wire("hl")), operation: Or }
The input of hf is a GATE Gate { input_1: Wire("he"), input_2: None, operation: Rshift(2) }
The input of hl is a GATE Gate { input_1: Wire("hi"), input_2: Some(Wire("hk")), operation: And }
The input of hi is a GATE Gate { input_1: Wire("hg"), input_2: Some(Wire("hh")), operation: Or }
The input of hg is a GATE Gate { input_1: Wire("he"), input_2: None, operation: Rshift(3) }
The input of hh is a GATE Gate { input_1: Wire("he"), input_2: None, operation: Rshift(5) }
The input of hk is a GATE Gate { input_1: Wire("hj"), input_2: None, operation: Not }
The input of hj is a GATE Gate { input_1: Wire("hg"), input_2: Some(Wire("hh")), operation: And }
The input of ho is a GATE Gate { input_1: Wire("hn"), input_2: None, operation: Not }
The input of hn is a GATE Gate { input_1: Wire("hf"), input_2: Some(Wire("hl")), operation: And }
The input of hs is a GATE Gate { input_1: Wire("hr"), input_2: None, operation: Not }
The input of hr is a GATE Gate { input_1: Wire("he"), input_2: Some(Wire("hp")), operation: And }
The input of ip is a GATE Gate { input_1: Value(1), input_2: Some(Wire("io")), operation: And }
The input of io is a GATE Gate { input_1: Wire("il"), input_2: Some(Wire("in")), operation: And }
The input of il is a GATE Gate { input_1: Wire("hz"), input_2: Some(Wire("ik")), operation: Or }
The input of hz is a GATE Gate { input_1: Wire("hx"), input_2: Some(Wire("hy")), operation: Or }
The input of hx is a GATE Gate { input_1: Wire("he"), input_2: None, operation: Rshift(1) }
The input of hy is a GATE Gate { input_1: Wire("hu"), input_2: None, operation: LShift(15) }
The input of ik is a GATE Gate { input_1: Wire("ih"), input_2: Some(Wire("ij")), operation: And }
The input of ih is a GATE Gate { input_1: Wire("ia"), input_2: Some(Wire("ig")), operation: Or }
The input of ia is a GATE Gate { input_1: Wire("hz"), input_2: None, operation: Rshift(2) }
The input of ig is a GATE Gate { input_1: Wire("id"), input_2: Some(Wire("if")), operation: And }
The input of id is a GATE Gate { input_1: Wire("ib"), input_2: Some(Wire("ic")), operation: Or }
The input of ib is a GATE Gate { input_1: Wire("hz"), input_2: None, operation: Rshift(3) }
The input of ic is a GATE Gate { input_1: Wire("hz"), input_2: None, operation: Rshift(5) }
The input of if is a GATE Gate { input_1: Wire("ie"), input_2: None, operation: Not }
The input of ie is a GATE Gate { input_1: Wire("ib"), input_2: Some(Wire("ic")), operation: And }
The input of ij is a GATE Gate { input_1: Wire("ii"), input_2: None, operation: Not }
The input of ii is a GATE Gate { input_1: Wire("ia"), input_2: Some(Wire("ig")), operation: And }
The input of in is a GATE Gate { input_1: Wire("im"), input_2: None, operation: Not }
The input of im is a GATE Gate { input_1: Wire("hz"), input_2: Some(Wire("ik")), operation: And }
The input of jk is a GATE Gate { input_1: Value(1), input_2: Some(Wire("jj")), operation: And }
The input of jj is a GATE Gate { input_1: Wire("jg"), input_2: Some(Wire("ji")), operation: And }
The input of jg is a GATE Gate { input_1: Wire("iu"), input_2: Some(Wire("jf")), operation: Or }
The input of iu is a GATE Gate { input_1: Wire("is"), input_2: Some(Wire("it")), operation: Or }
The input of is is a GATE Gate { input_1: Wire("hz"), input_2: None, operation: Rshift(1) }
The input of it is a GATE Gate { input_1: Wire("ip"), input_2: None, operation: LShift(15) }
The input of jf is a GATE Gate { input_1: Wire("jc"), input_2: Some(Wire("je")), operation: And }
The input of jc is a GATE Gate { input_1: Wire("iv"), input_2: Some(Wire("jb")), operation: Or }
The input of iv is a GATE Gate { input_1: Wire("iu"), input_2: None, operation: Rshift(2) }
The input of jb is a GATE Gate { input_1: Wire("iy"), input_2: Some(Wire("ja")), operation: And }
The input of iy is a GATE Gate { input_1: Wire("iw"), input_2: Some(Wire("ix")), operation: Or }
The input of iw is a GATE Gate { input_1: Wire("iu"), input_2: None, operation: Rshift(3) }
The input of ix is a GATE Gate { input_1: Wire("iu"), input_2: None, operation: Rshift(5) }
The input of ja is a GATE Gate { input_1: Wire("iz"), input_2: None, operation: Not }
The input of iz is a GATE Gate { input_1: Wire("iw"), input_2: Some(Wire("ix")), operation: And }
The input of je is a GATE Gate { input_1: Wire("jd"), input_2: None, operation: Not }
The input of jd is a GATE Gate { input_1: Wire("iv"), input_2: Some(Wire("jb")), operation: And }
The input of ji is a GATE Gate { input_1: Wire("jh"), input_2: None, operation: Not }
The input of jh is a GATE Gate { input_1: Wire("iu"), input_2: Some(Wire("jf")), operation: And }
The input of kf is a GATE Gate { input_1: Value(1), input_2: Some(Wire("ke")), operation: And }
The input of ke is a GATE Gate { input_1: Wire("kb"), input_2: Some(Wire("kd")), operation: And }
The input of kb is a GATE Gate { input_1: Wire("jp"), input_2: Some(Wire("ka")), operation: Or }
The input of jp is a GATE Gate { input_1: Wire("jn"), input_2: Some(Wire("jo")), operation: Or }
The input of jn is a GATE Gate { input_1: Wire("iu"), input_2: None, operation: Rshift(1) }
The input of jo is a GATE Gate { input_1: Wire("jk"), input_2: None, operation: LShift(15) }
The input of ka is a GATE Gate { input_1: Wire("jx"), input_2: Some(Wire("jz")), operation: And }
The input of jx is a GATE Gate { input_1: Wire("jq"), input_2: Some(Wire("jw")), operation: Or }
The input of jq is a GATE Gate { input_1: Wire("jp"), input_2: None, operation: Rshift(2) }
The input of jw is a GATE Gate { input_1: Wire("jt"), input_2: Some(Wire("jv")), operation: And }
The input of jt is a GATE Gate { input_1: Wire("jr"), input_2: Some(Wire("js")), operation: Or }
The input of jr is a GATE Gate { input_1: Wire("jp"), input_2: None, operation: Rshift(3) }
The input of js is a GATE Gate { input_1: Wire("jp"), input_2: None, operation: Rshift(5) }
The input of jv is a GATE Gate { input_1: Wire("ju"), input_2: None, operation: Not }
The input of ju is a GATE Gate { input_1: Wire("jr"), input_2: Some(Wire("js")), operation: And }
The input of jz is a GATE Gate { input_1: Wire("jy"), input_2: None, operation: Not }
The input of jy is a GATE Gate { input_1: Wire("jq"), input_2: Some(Wire("jw")), operation: And }
The input of kd is a GATE Gate { input_1: Wire("kc"), input_2: None, operation: Not }
The input of kc is a GATE Gate { input_1: Wire("jp"), input_2: Some(Wire("ka")), operation: And }
The input of la is a GATE Gate { input_1: Value(1), input_2: Some(Wire("kz")), operation: And }
The input of kz is a GATE Gate { input_1: Wire("kw"), input_2: Some(Wire("ky")), operation: And }
The input of kw is a GATE Gate { input_1: Wire("kk"), input_2: Some(Wire("kv")), operation: Or }
The input of kk is a GATE Gate { input_1: Wire("ki"), input_2: Some(Wire("kj")), operation: Or }
The input of ki is a GATE Gate { input_1: Wire("jp"), input_2: None, operation: Rshift(1) }
The input of kj is a GATE Gate { input_1: Wire("kf"), input_2: None, operation: LShift(15) }
The input of kv is a GATE Gate { input_1: Wire("ks"), input_2: Some(Wire("ku")), operation: And }
The input of ks is a GATE Gate { input_1: Wire("kl"), input_2: Some(Wire("kr")), operation: Or }
The input of kl is a GATE Gate { input_1: Wire("kk"), input_2: None, operation: Rshift(2) }
The input of kr is a GATE Gate { input_1: Wire("ko"), input_2: Some(Wire("kq")), operation: And }
The input of ko is a GATE Gate { input_1: Wire("km"), input_2: Some(Wire("kn")), operation: Or }
The input of km is a GATE Gate { input_1: Wire("kk"), input_2: None, operation: Rshift(3) }
The input of kn is a GATE Gate { input_1: Wire("kk"), input_2: None, operation: Rshift(5) }
The input of kq is a GATE Gate { input_1: Wire("kp"), input_2: None, operation: Not }
The input of kp is a GATE Gate { input_1: Wire("km"), input_2: Some(Wire("kn")), operation: And }
The input of ku is a GATE Gate { input_1: Wire("kt"), input_2: None, operation: Not }
The input of kt is a GATE Gate { input_1: Wire("kl"), input_2: Some(Wire("kr")), operation: And }
The input of ky is a GATE Gate { input_1: Wire("kx"), input_2: None, operation: Not }
The input of kx is a GATE Gate { input_1: Wire("kk"), input_2: Some(Wire("kv")), operation: And }
The input of lv is a GATE Gate { input_1: Value(1), input_2: Some(Wire("lu")), operation: And }
The input of lu is a GATE Gate { input_1: Wire("lr"), input_2: Some(Wire("lt")), operation: And }
The input of lr is a GATE Gate { input_1: Wire("lf"), input_2: Some(Wire("lq")), operation: Or }
The input of lf is a GATE Gate { input_1: Wire("ld"), input_2: Some(Wire("le")), operation: Or }
The input of ld is a GATE Gate { input_1: Wire("kk"), input_2: None, operation: Rshift(1) }
The input of le is a GATE Gate { input_1: Wire("la"), input_2: None, operation: LShift(15) }
The input of lq is a GATE Gate { input_1: Wire("ln"), input_2: Some(Wire("lp")), operation: And }
The input of ln is a GATE Gate { input_1: Wire("lg"), input_2: Some(Wire("lm")), operation: Or }
The input of lg is a GATE Gate { input_1: Wire("lf"), input_2: None, operation: Rshift(2) }
The input of lm is a GATE Gate { input_1: Wire("lj"), input_2: Some(Wire("ll")), operation: And }
The input of lj is a GATE Gate { input_1: Wire("lh"), input_2: Some(Wire("li")), operation: Or }
The input of lh is a GATE Gate { input_1: Wire("lf"), input_2: None, operation: Rshift(3) }
The input of li is a GATE Gate { input_1: Wire("lf"), input_2: None, operation: Rshift(5) }
The input of ll is a GATE Gate { input_1: Wire("lk"), input_2: None, operation: Not }
The input of lk is a GATE Gate { input_1: Wire("lh"), input_2: Some(Wire("li")), operation: And }
The input of lp is a GATE Gate { input_1: Wire("lo"), input_2: None, operation: Not }
The input of lo is a GATE Gate { input_1: Wire("lg"), input_2: Some(Wire("lm")), operation: And }
The input of lt is a GATE Gate { input_1: Wire("ls"), input_2: None, operation: Not }
The input of ls is a GATE Gate { input_1: Wire("lf"), input_2: Some(Wire("lq")), operation: And }
Part 1 = 46065
